Running in directory '/Users/jessica/SEAMM/Jobs/projects/tutorials/Job_000007'

Description of the flowchart
----------------------------
Step 0: Start  2021.6.8

Step 1: from SMILES  2021.6.3
    Create the structure from the SMILES 'CCS'

Step 2: DFTB+  2021.6.5

   Step 2.1: Choose Parameters
       Using the '3ob' set of Slater-Koster parameters.

   Step 2.2: Optimization
       Structural optimization using the Direct inversion of iterative subspace
       (gDIIS) method with a convergence criterion of 0.0 hartree/bohr. A maximum
       of 200 will be used.



Running the flowchart
---------------------
Step 0: Start  2021.6.8

Step 1: from SMILES  2021.6.3
    Create the structure from the SMILES 'CCS'
    Created a molecular structure with 9 atoms.

    Step 2.1: Choose Parameters
        Using the '3ob' set of Slater-Koster parameters.

    Step 2.2: Optimization
        Structural optimization using the Direct inversion of iterative subspace
        (gDIIS) method with a convergence criterion of 0.0001 E_h/a_0. A maximum of
        200 will be used.

    Step 2.1: Choose Parameters
        Using the '3ob' set of Slater-Koster parameters.

 
    Step 2.2: Optimization
        Structural optimization using the Direct inversion of iterative subspace
        (gDIIS) method with a convergence criterion of 0.0001 E_h/a_0. A maximum of
        200 will be used.

 
        The geometry optimization converged in 25 steps to a total energy of
        -8.115697 Ha.

Wrote the final structure to 'final_structure.mmcif' for viewing.

Primary references:

(1) Jessica Nash, Eliseo Marin-Rimoldi, Paul Saxe. SEAMM: Simulation Environment
    for Atomistic and Molecular Modeling, version 2021.6.8; The Molecular
    Sciences Software Institute (MolSSI): Virginia Tech, Blacksburg, VA, USA,
    https://github.com/molssi-seamm/seamm

(2) Hourahine, B.; Aradi, B.; Blum, V.; Bonafé, F.; Buccheri, A.; Camacho, C.;
    Cevallos, C.; Deshaye, M. Y.; Dumitrică, T.; Dominguez, A.; Ehlert, S.;
    Elstner, M.; van der Heide, T.; Hermann, J.; Irle, S.; Kranz, J. J.; Köhler,
    C.; Kowalczyk, T.; Kubař, T.; Lee, I. S.; Lutsker, V.; Maurer, R. J.; Min,
    S. K.; Mitchell, I.; Negre, C.; Niehaus, T. A.; Niklasson, A. M. N.; Page,
    A. J.; Pecchia, A.; Penazzi, G.; Persson, M. P.; Řezáč, J.; Sánchez, C. G.;
    Sternberg, M.; Stöhr, M.; Stuckenberg, F.; Tkatchenko, A.; Yu, V. W.-z.;
    Frauenheim, T. DFTB+, a software package for efficient approximate density
    functional theory based atomistic simulations. The Journal of Chemical
    Physics 2020, 152, 124101. DOI: 10.1063/1.5143190

(3) Gaus, Michael; Lu, Xiya; Elstner, Marcus; Cui, Qiang. Parameterization of
    DFTB3/3OB for Sulfur and Phosphorus for Chemical and Biological
    Applications. Journal of Chemical Theory and Computation 2014, 10,
    1518-1537. DOI: 10.1021/ct401002w

(4) Gaus, Michael; Goez, Albrecht; Elstner, Marcus. Parametrization and
    Benchmark of DFTB3 for Organic Molecules. Journal of Chemical Theory and
    Computation 2013, 9, 338-354. DOI: 10.1021/ct300849w

Secondary references:

(1) Paul Saxe. DFTB+ plug-in for SEAMM, version 2021.6.5; The Molecular Sciences
    Software Institute (MolSSI): Virginia Tech, Blacksburg, VA, USA,
    https://github.com/molssi-seamm/dftbplus_step

Process time: 0:00:01.392918 (1.393 s)
Elapsed time: 0:00:02.606853 (2.607 s)
