 KPT            1  SPIN            1  KWEIGHT    1.0000000000000000     
     1   -18.328  2.00000
     2   -16.311  2.00000
     3   -13.429  2.00000
     4   -10.150  2.00000
     5    -9.735  2.00000
     6    -9.282  2.00000
     7    -8.567  2.00000
     8    -8.072  2.00000
     9    -7.646  2.00000
    10    -6.181  2.00000
    11     0.815  0.00000
    12     3.460  0.00000
    13     7.174  0.00000
    14     7.884  0.00000
    15     9.032  0.00000
    16     9.611  0.00000
    17    10.051  0.00000
    18    12.652  0.00000
    19    13.353  0.00000
    20    13.835  0.00000
    21    17.090  0.00000
    22    17.907  0.00000
    23    28.085  0.00000

