 Fermi distribution function

Geometry optimization step: 27


********************************************************************************
 iSCC Total electronic   Diff electronic      SCC error    
    4   -0.80443936E+01   -0.39307402E-09    0.30532350E-05
********************************************************************************

Coordinates of moved atoms (au):
    1      1.87685387     -0.06427522      0.19028084
    2      0.94629183     -2.74421683     -0.22496965
    3      1.96507678     -4.94032412      2.28293150
    4      1.21078911      0.69053534      1.98209565
    5      1.19225001      1.16706170     -1.31158126
    6      3.93208259      0.02436119      0.19010209
    7     -1.11801468     -2.80005244     -0.24724791
    8      1.59910410     -3.46363240     -2.05422642
    9      4.48576872     -4.62585032      2.08112748

 Total charge:    -0.00000000

 Atomic gross charges (e)
 Atom           Charge
    1      -0.25847971
    2      -0.04293716
    3      -0.25908738
    4       0.09241328
    5       0.08285549
    6       0.08313404
    7       0.08017354
    8       0.06735756
    9       0.15457034

Nr. of electrons (up):     20.00000000
Atom populations (up)
 Atom       Population
    1       4.25847971
    2       4.04293716
    3       6.25908738
    4       0.90758672
    5       0.91714451
    6       0.91686596
    7       0.91982646
    8       0.93264244
    9       0.84542966

l-shell populations (up)
 Atom Sh.   l       Population
    1   1   0       1.28331786
    1   2   1       2.97516185
    2   1   0       1.26401241
    2   2   1       2.77892475
    3   1   0       1.80533785
    3   2   1       4.45496068
    3   3   2      -0.00121116
    4   1   0       0.90758672
    5   1   0       0.91714451
    6   1   0       0.91686596
    7   1   0       0.91982646
    8   1   0       0.93264244
    9   1   0       0.84542966

Orbital populations (up)
 Atom Sh.   l   m       Population  Label
    1   1   0   0       1.28331786  s
    1   2   1  -1       0.96533663  p_y
    1   2   1   0       1.00811664  p_z
    1   2   1   1       1.00170859  p_x
    2   1   0   0       1.26401241  s
    2   2   1  -1       0.89201929  p_y
    2   2   1   0       0.91021720  p_z
    2   2   1   1       0.97668827  p_x
    3   1   0   0       1.80533785  s
    3   2   1  -1       1.67242867  p_y
    3   2   1   0       1.58616361  p_z
    3   2   1   1       1.19636840  p_x
    3   3   2  -2       0.00038977  d_xy
    3   3   2  -1      -0.00466554  d_yz
    3   3   2   0       0.00431192  d_z2
    3   3   2   1       0.00069981  d_xz
    3   3   2   2      -0.00194713  d_x2-y2
    4   1   0   0       0.90758672  s
    5   1   0   0       0.91714451  s
    6   1   0   0       0.91686596  s
    7   1   0   0       0.91982646  s
    8   1   0   0       0.93264244  s
    9   1   0   0       0.84542966  s

Fermi level:                        -0.0986008075 H           -2.6831 eV
Band energy:                        -7.9158056045 H         -215.4000 eV
TS:                                  0.0000000000 H            0.0000 eV
Band free energy (E-TS):            -7.9158056045 H         -215.4000 eV
Extrapolated E(0K):                 -7.9158056045 H         -215.4000 eV
Input / Output electrons (q):     20.0000000000     20.0000000000

Energy H0:                          -8.0473284415 H         -218.9789 eV
Energy SCC:                          0.0032300532 H            0.0879 eV
Energy 3rd:                         -0.0002951920 H           -0.0080 eV
Total Electronic energy:            -8.0443935803 H         -218.8991 eV
Repulsive energy:                   -0.0713068067 H           -1.9404 eV
Total energy:                       -8.1157003870 H         -220.8394 eV
Extrapolated to 0:                  -8.1157003870 H         -220.8394 eV
Total Mermin free energy:           -8.1157003870 H         -220.8394 eV
Force related energy:               -8.1157003870 H         -220.8394 eV

SCC converged

Full geometry written in geom.out.{xyz|gen}

Dipole moment:    0.21412441    0.40414447   -0.37720853 au
Dipole moment:    0.54425000    1.02723286   -0.95876852 Debye

Geometry converged

