 Fermi distribution function

Geometry optimization step: 22


********************************************************************************
 iSCC Total electronic   Diff electronic      SCC error    
    3   -0.80445247E+01   -0.93786312E-10    0.75875669E-05
********************************************************************************

Coordinates of moved atoms (au):
    1      1.89337653     -0.08325991     -0.16996622
    2      0.98213976      0.19811287     -2.87358986
    3      2.01961748     -2.41531530     -4.93364701
    4      4.53876358     -2.17460702     -4.63308658
    5     -1.08158164      0.21544870     -2.94509796
    6      1.63876790      1.98933128     -3.67837532
    7      1.20516132     -1.82624641      0.67336914
    8      1.21806608      1.48809795      0.97655111
    9      3.94776239     -0.09933163     -0.06967513

 Total charge:    -0.00000000

 Atomic gross charges (e)
 Atom           Charge
    1      -0.25854226
    2      -0.04302707
    3      -0.25897130
    4       0.15448408
    5       0.08017890
    6       0.06740953
    7       0.09240461
    8       0.08283595
    9       0.08322756

Nr. of electrons (up):     20.00000000
Atom populations (up)
 Atom       Population
    1       4.25854226
    2       4.04302707
    3       6.25897130
    4       0.84551592
    5       0.91982110
    6       0.93259047
    7       0.90759539
    8       0.91716405
    9       0.91677244

l-shell populations (up)
 Atom Sh.   l       Population
    1   1   0       1.28325306
    1   2   1       2.97528920
    2   1   0       1.26395267
    2   2   1       2.77907440
    3   1   0       1.80537304
    3   2   1       4.45483168
    3   3   2      -0.00123342
    4   1   0       0.84551592
    5   1   0       0.91982110
    6   1   0       0.93259047
    7   1   0       0.90759539
    8   1   0       0.91716405
    9   1   0       0.91677244

Orbital populations (up)
 Atom Sh.   l   m       Population  Label
    1   1   0   0       1.28325306  s
    1   2   1  -1       1.00804161  p_y
    1   2   1   0       0.96516419  p_z
    1   2   1   1       1.00208340  p_x
    2   1   0   0       1.26395267  s
    2   2   1  -1       0.90466789  p_y
    2   2   1   0       0.89785607  p_z
    2   2   1   1       0.97655043  p_x
    3   1   0   0       1.80537304  s
    3   2   1  -1       1.55080394  p_y
    3   2   1   0       1.71004623  p_z
    3   2   1   1       1.19398150  p_x
    3   3   2  -2       0.00046567  d_xy
    3   3   2  -1      -0.00410725  d_yz
    3   3   2   0       0.00419604  d_z2
    3   3   2   1       0.00037851  d_xz
    3   3   2   2      -0.00216639  d_x2-y2
    4   1   0   0       0.84551592  s
    5   1   0   0       0.91982110  s
    6   1   0   0       0.93259047  s
    7   1   0   0       0.90759539  s
    8   1   0   0       0.91716405  s
    9   1   0   0       0.91677244  s

Fermi level:                        -0.0986408500 H           -2.6842 eV
Band energy:                        -7.9157159041 H         -215.3976 eV
TS:                                  0.0000000000 H            0.0000 eV
Band free energy (E-TS):            -7.9157159041 H         -215.3976 eV
Extrapolated E(0K):                 -7.9157159041 H         -215.3976 eV
Input / Output electrons (q):     20.0000000000     20.0000000000

Energy H0:                          -8.0474618686 H         -218.9826 eV
Energy SCC:                          0.0032324490 H            0.0880 eV
Energy 3rd:                         -0.0002952904 H           -0.0080 eV
Total Electronic energy:            -8.0445247100 H         -218.9027 eV
Repulsive energy:                   -0.0711725854 H           -1.9367 eV
Total energy:                       -8.1156972954 H         -220.8394 eV
Extrapolated to 0:                  -8.1156972954 H         -220.8394 eV
Total Mermin free energy:           -8.1156972954 H         -220.8394 eV
Force related energy:               -8.1156972954 H         -220.8394 eV

SCC converged

Full geometry written in geom.out.{xyz|gen}

Dipole moment:    0.21094060    0.40017878    0.38274522 au
Dipole moment:    0.53615758    1.01715308    0.97284138 Debye

Geometry converged

