 Fermi distribution function

Geometry optimization step: 27


********************************************************************************
 iSCC Total electronic   Diff electronic      SCC error    
    4   -0.80443932E+01   -0.39439385E-09    0.30597719E-05
********************************************************************************

Coordinates of moved atoms (au):
    1      1.98783121      0.02096823      0.16537358
    2      1.05726526      2.00907654      2.00980943
    3      2.07604370      5.23280806      1.16125909
    4      1.32176722      0.39867980     -1.74189595
    5      1.30322687     -1.84012682      0.72044808
    6      4.04306135     -0.05257506      0.11590078
    7     -1.00704097      2.04286660      2.05952703
    8      1.71007954      1.58107692      3.92828551
    9      4.59673745      4.85926324      1.15241631

 Total charge:    -0.00000000

 Atomic gross charges (e)
 Atom           Charge
    1      -0.25847952
    2      -0.04293742
    3      -0.25908756
    4       0.09241330
    5       0.08285541
    6       0.08313397
    7       0.08017370
    8       0.06735781
    9       0.15457030

Nr. of electrons (up):     20.00000000
Atom populations (up)
 Atom       Population
    1       4.25847952
    2       4.04293742
    3       6.25908756
    4       0.90758670
    5       0.91714459
    6       0.91686603
    7       0.91982630
    8       0.93264219
    9       0.84542970

l-shell populations (up)
 Atom Sh.   l       Population
    1   1   0       1.28331812
    1   2   1       2.97516140
    2   1   0       1.26401272
    2   2   1       2.77892470
    3   1   0       1.80533820
    3   2   1       4.45496055
    3   3   2      -0.00121119
    4   1   0       0.90758670
    5   1   0       0.91714459
    6   1   0       0.91686603
    7   1   0       0.91982630
    8   1   0       0.93264219
    9   1   0       0.84542970

Orbital populations (up)
 Atom Sh.   l   m       Population  Label
    1   1   0   0       1.28331812  s
    1   2   1  -1       0.98015646  p_y
    1   2   1   0       0.99329665  p_z
    1   2   1   1       1.00170829  p_x
    2   1   0   0       1.26401272  s
    2   2   1  -1       0.84660906  p_y
    2   2   1   0       0.95562726  p_z
    2   2   1   1       0.97668839  p_x
    3   1   0   0       1.80533820  s
    3   2   1  -1       1.31481017  p_y
    3   2   1   0       1.94378133  p_z
    3   2   1   1       1.19636905  p_x
    3   3   2  -2       0.00035922  d_xy
    3   3   2  -1       0.00451209  d_yz
    3   3   2   0      -0.00051107  d_z2
    3   3   2   1       0.00073045  d_xz
    3   3   2   2      -0.00630188  d_x2-y2
    4   1   0   0       0.90758670  s
    5   1   0   0       0.91714459  s
    6   1   0   0       0.91686603  s
    7   1   0   0       0.91982630  s
    8   1   0   0       0.93264219  s
    9   1   0   0       0.84542970  s

Fermi level:                        -0.0986009607 H           -2.6831 eV
Band energy:                        -7.9158051158 H         -215.4000 eV
TS:                                  0.0000000000 H            0.0000 eV
Band free energy (E-TS):            -7.9158051158 H         -215.4000 eV
Extrapolated E(0K):                 -7.9158051158 H         -215.4000 eV
Input / Output electrons (q):     20.0000000000     20.0000000000

Energy H0:                          -8.0473280985 H         -218.9789 eV
Energy SCC:                          0.0032300606 H            0.0879 eV
Energy 3rd:                         -0.0002951926 H           -0.0080 eV
Total Electronic energy:            -8.0443932306 H         -218.8991 eV
Repulsive energy:                   -0.0713071556 H           -1.9404 eV
Total energy:                       -8.1157003861 H         -220.8394 eV
Extrapolated to 0:                  -8.1157003861 H         -220.8394 eV
Total Mermin free energy:           -8.1157003861 H         -220.8394 eV
Force related energy:               -8.1157003861 H         -220.8394 eV

SCC converged

Full geometry written in geom.out.{xyz|gen}

Dipole moment:    0.21412515   -0.54605197    0.08629441 au
Dipole moment:    0.54425188   -1.38792579    0.21933853 Debye

Geometry converged

